<?xml version="1.0" encoding="UTF-8"?>
<testsuite name="org.example.springboot.domain.posts.PostsRepositoryTest" tests="2" skipped="0" failures="0" errors="0" timestamp="2022-08-22T04:34:31" hostname="Kiui-MacBookPro.local" time="0.027">
  <properties/>
  <testcase name="게시글저장_불러오기" classname="org.example.springboot.domain.posts.PostsRepositoryTest" time="0.014"/>
  <testcase name="BaseTimeEntity_등록" classname="org.example.springboot.domain.posts.PostsRepositoryTest" time="0.013"/>
  <system-out><![CDATA[2022-08-22 13:34:30.396  INFO 4281 --- [    Test worker] .b.t.c.SpringBootTestContextBootstrapper : Neither @ContextConfiguration nor @ContextHierarchy found for test class [org.example.springboot.domain.posts.PostsRepositoryTest], using SpringBootContextLoader
2022-08-22 13:34:30.397  INFO 4281 --- [    Test worker] o.s.t.c.support.AbstractContextLoader    : Could not detect default resource locations for test class [org.example.springboot.domain.posts.PostsRepositoryTest]: no resource found for suffixes {-context.xml, Context.groovy}.
2022-08-22 13:34:30.397  INFO 4281 --- [    Test worker] t.c.s.AnnotationConfigContextLoaderUtils : Could not detect default configuration classes for test class [org.example.springboot.domain.posts.PostsRepositoryTest]: PostsRepositoryTest does not declare any static, non-private, non-final, nested classes annotated with @Configuration.
2022-08-22 13:34:30.402  INFO 4281 --- [    Test worker] .b.t.c.SpringBootTestContextBootstrapper : Found @SpringBootConfiguration org.example.springboot.Application for test class org.example.springboot.domain.posts.PostsRepositoryTest
2022-08-22 13:34:30.404  INFO 4281 --- [    Test worker] .b.t.c.SpringBootTestContextBootstrapper : Loaded default TestExecutionListener class names from location [META-INF/spring.factories]: [org.springframework.security.test.context.support.WithSecurityContextTestExecutionListener, org.springframework.security.test.context.support.ReactorContextTestExecutionListener, org.springframework.boot.test.autoconfigure.restdocs.RestDocsTestExecutionListener, org.springframework.boot.test.autoconfigure.web.client.MockRestServiceServerResetTestExecutionListener, org.springframework.boot.test.autoconfigure.web.servlet.MockMvcPrintOnlyOnFailureTestExecutionListener, org.springframework.boot.test.autoconfigure.web.servlet.WebDriverTestExecutionListener, org.springframework.boot.test.mock.mockito.MockitoTestExecutionListener, org.springframework.boot.test.mock.mockito.ResetMocksTestExecutionListener, org.springframework.test.context.web.ServletTestExecutionListener, org.springframework.test.context.support.DirtiesContextBeforeModesTestExecutionListener, org.springframework.test.context.support.DependencyInjectionTestExecutionListener, org.springframework.test.context.support.DirtiesContextTestExecutionListener, org.springframework.test.context.transaction.TransactionalTestExecutionListener, org.springframework.test.context.jdbc.SqlScriptsTestExecutionListener]
2022-08-22 13:34:30.404  INFO 4281 --- [    Test worker] .b.t.c.SpringBootTestContextBootstrapper : Using TestExecutionListeners: [org.springframework.test.context.web.ServletTestExecutionListener@49b75472, org.springframework.test.context.support.DirtiesContextBeforeModesTestExecutionListener@2170a1d5, org.springframework.boot.test.mock.mockito.MockitoTestExecutionListener@49e8f03c, org.springframework.boot.test.autoconfigure.SpringBootDependencyInjectionTestExecutionListener@4039a7ee, org.springframework.test.context.support.DirtiesContextTestExecutionListener@335e7f5f, org.springframework.test.context.transaction.TransactionalTestExecutionListener@17840ee8, org.springframework.test.context.jdbc.SqlScriptsTestExecutionListener@19636534, org.springframework.security.test.context.support.WithSecurityContextTestExecutionListener@14e8b721, org.springframework.security.test.context.support.ReactorContextTestExecutionListener@548c8664, org.springframework.boot.test.autoconfigure.restdocs.RestDocsTestExecutionListener@63c83153, org.springframework.boot.test.autoconfigure.web.client.MockRestServiceServerResetTestExecutionListener@6180a2db, org.springframework.boot.test.autoconfigure.web.servlet.MockMvcPrintOnlyOnFailureTestExecutionListener@30005075, org.springframework.boot.test.autoconfigure.web.servlet.WebDriverTestExecutionListener@8f4fb7, org.springframework.boot.test.mock.mockito.ResetMocksTestExecutionListener@226fa45c]

  .   ____          _            __ _ _
 /\\ / ___'_ __ _ _(_)_ __  __ _ \ \ \ \
( ( )\___ | '_ | '_| | '_ \/ _` | \ \ \ \
 \\/  ___)| |_)| | | | | || (_| |  ) ) ) )
  '  |____| .__|_| |_|_| |_\__, | / / / /
 =========|_|==============|___/=/_/_/_/
 :: Spring Boot ::        (v2.1.7.RELEASE)

2022-08-22 13:34:30.425  INFO 4281 --- [    Test worker] o.e.s.domain.posts.PostsRepositoryTest   : Starting PostsRepositoryTest on Kiui-MacBookPro.local with PID 4281 (started by kiwankim in /Users/kiwankim/Downloads/webservice)
2022-08-22 13:34:30.425  INFO 4281 --- [    Test worker] o.e.s.domain.posts.PostsRepositoryTest   : No active profile set, falling back to default profiles: default
2022-08-22 13:34:30.564  INFO 4281 --- [    Test worker] .s.d.r.c.RepositoryConfigurationDelegate : Bootstrapping Spring Data repositories in DEFAULT mode.
2022-08-22 13:34:30.576  INFO 4281 --- [    Test worker] .s.d.r.c.RepositoryConfigurationDelegate : Finished Spring Data repository scanning in 11ms. Found 2 repository interfaces.
2022-08-22 13:34:30.645  INFO 4281 --- [    Test worker] trationDelegate$BeanPostProcessorChecker : Bean 'org.springframework.transaction.annotation.ProxyTransactionManagementConfiguration' of type [org.springframework.transaction.annotation.ProxyTransactionManagementConfiguration$$EnhancerBySpringCGLIB$$1372c99] is not eligible for getting processed by all BeanPostProcessors (for example: not eligible for auto-proxying)
2022-08-22 13:34:30.694  INFO 4281 --- [    Test worker] com.zaxxer.hikari.HikariDataSource       : HikariPool-2 - Starting...
2022-08-22 13:34:30.695  INFO 4281 --- [    Test worker] com.zaxxer.hikari.HikariDataSource       : HikariPool-2 - Start completed.
2022-08-22 13:34:30.706  INFO 4281 --- [    Test worker] o.hibernate.jpa.internal.util.LogHelper  : HHH000204: Processing PersistenceUnitInfo [
	name: default
	...]
2022-08-22 13:34:30.711  INFO 4281 --- [    Test worker] org.hibernate.dialect.Dialect            : HHH000400: Using dialect: org.hibernate.dialect.MySQL5InnoDBDialect
Hibernate: drop table if exists posts
Hibernate: drop table if exists user
Hibernate: create table posts (id bigint not null auto_increment, created_date datetime, modified_date datetime, author varchar(255), content TEXT not null, title varchar(500) not null, primary key (id)) engine=InnoDB
Hibernate: create table user (id bigint not null auto_increment, created_date datetime, modified_date datetime, email varchar(255) not null, name varchar(255) not null, picture varchar(255), role varchar(255) not null, primary key (id)) engine=InnoDB
2022-08-22 13:34:30.739  INFO 4281 --- [    Test worker] o.h.t.schema.internal.SchemaCreatorImpl  : HHH000476: Executing import script 'org.hibernate.tool.schema.internal.exec.ScriptSourceInputNonExistentImpl@573edc6c'
2022-08-22 13:34:30.739  INFO 4281 --- [    Test worker] j.LocalContainerEntityManagerFactoryBean : Initialized JPA EntityManagerFactory for persistence unit 'default'
2022-08-22 13:34:30.830  INFO 4281 --- [    Test worker] o.h.h.i.QueryTranslatorFactoryInitiator  : HHH000397: Using ASTQueryTranslatorFactory
2022-08-22 13:34:30.898  INFO 4281 --- [    Test worker] o.s.s.web.DefaultSecurityFilterChain     : Creating filter chain: any request, [org.springframework.security.web.context.request.async.WebAsyncManagerIntegrationFilter@44e17a51, org.springframework.security.web.context.SecurityContextPersistenceFilter@61065732, org.springframework.security.web.header.HeaderWriterFilter@6150281b, org.springframework.security.web.authentication.logout.LogoutFilter@3a391842, org.springframework.security.oauth2.client.web.OAuth2AuthorizationRequestRedirectFilter@3dc8858, org.springframework.security.oauth2.client.web.OAuth2LoginAuthenticationFilter@4c8d31a0, org.springframework.security.web.authentication.ui.DefaultLoginPageGeneratingFilter@69d57d8d, org.springframework.security.web.authentication.ui.DefaultLogoutPageGeneratingFilter@1aa30b33, org.springframework.security.web.savedrequest.RequestCacheAwareFilter@3ea346e4, org.springframework.security.web.servletapi.SecurityContextHolderAwareRequestFilter@5e53b1db, org.springframework.security.web.authentication.AnonymousAuthenticationFilter@7ddace77, org.springframework.security.web.session.SessionManagementFilter@2202a66a, org.springframework.security.web.access.ExceptionTranslationFilter@6806ef91, org.springframework.security.web.access.intercept.FilterSecurityInterceptor@5f702d8b]
2022-08-22 13:34:31.037  INFO 4281 --- [    Test worker] o.s.s.concurrent.ThreadPoolTaskExecutor  : Initializing ExecutorService 'applicationTaskExecutor'
2022-08-22 13:34:31.043  WARN 4281 --- [    Test worker] aWebConfiguration$JpaWebMvcConfiguration : spring.jpa.open-in-view is enabled by default. Therefore, database queries may be performed during view rendering. Explicitly configure spring.jpa.open-in-view to disable this warning
2022-08-22 13:34:31.058  INFO 4281 --- [    Test worker] o.s.b.a.w.s.WelcomePageHandlerMapping    : Adding welcome page template: index
2022-08-22 13:34:31.228  INFO 4281 --- [    Test worker] s.a.ScheduledAnnotationBeanPostProcessor : No TaskScheduler/ScheduledExecutorService bean found for scheduled processing
2022-08-22 13:34:31.229  INFO 4281 --- [    Test worker] o.e.s.domain.posts.PostsRepositoryTest   : Started PostsRepositoryTest in 0.823 seconds (JVM running for 6.748)
Hibernate: insert into posts (created_date, modified_date, author, content, title) values (?, ?, ?, ?, ?)
Hibernate: select posts0_.id as id1_0_, posts0_.created_date as created_2_0_, posts0_.modified_date as modified3_0_, posts0_.author as author4_0_, posts0_.content as content5_0_, posts0_.title as title6_0_ from posts posts0_
Hibernate: select posts0_.id as id1_0_, posts0_.created_date as created_2_0_, posts0_.modified_date as modified3_0_, posts0_.author as author4_0_, posts0_.content as content5_0_, posts0_.title as title6_0_ from posts posts0_
Hibernate: delete from posts where id=?
Hibernate: insert into posts (created_date, modified_date, author, content, title) values (?, ?, ?, ?, ?)
Hibernate: select posts0_.id as id1_0_, posts0_.created_date as created_2_0_, posts0_.modified_date as modified3_0_, posts0_.author as author4_0_, posts0_.content as content5_0_, posts0_.title as title6_0_ from posts posts0_
>>>>>>>>> createDate=2022-08-22T13:34:31.248853, modifiedDate=2022-08-22T13:34:31.248853
Hibernate: select posts0_.id as id1_0_, posts0_.created_date as created_2_0_, posts0_.modified_date as modified3_0_, posts0_.author as author4_0_, posts0_.content as content5_0_, posts0_.title as title6_0_ from posts posts0_
Hibernate: delete from posts where id=?
]]></system-out>
  <system-err><![CDATA[]]></system-err>
</testsuite>
